开始生成时的环境:
ALLUSERSPROFILE = C:\ProgramData
APPDATA = C:\Users\zhuliqun\AppData\Roaming
CommonProgramFiles = C:\Program Files\Common Files
CommonProgramFiles(x86) = C:\Program Files (x86)\Common Files
CommonProgramW6432 = C:\Program Files\Common Files
COMPLUS_InstallRoot = 
COMPLUS_Version = 
COMPUTERNAME = NATHAN
ComSpec = C:\WINDOWS\system32\cmd.exe
DriverData = C:\Windows\System32\Drivers\DriverData
FPS_BROWSER_APP_PROFILE_STRING = Internet Explorer
FPS_BROWSER_USER_PROFILE_STRING = Default
GCExpConfigUsedInSession = 3
HOMEDRIVE = C:
HOMEPATH = \Users\zhuliqun
LOCALAPPDATA = C:\Users\zhuliqun\AppData\Local
LOGONSERVER = \\NATHAN
MSBuildLoadMicrosoftTargetsReadOnly = true
NUMBER_OF_PROCESSORS = 16
OneDrive = C:\Users\zhuliqun\OneDrive
OS = Windows_NT
Path = D:\Program Files (x86)\VMware\VMware Workstation\bin\;C:\Program Files\PlasticSCM5\server;C:\Program Files\PlasticSCM5\client;C:\Windows\system32;C:\Windows;C:\Windows\System32\Wbem;C:\Windows\System32\WindowsPowerShell\v1.0\;C:\Windows\System32\OpenSSH\;C:\Program Files (x86)\NVIDIA Corporation\PhysX\Common;C:\Program Files\NVIDIA Corporation\NVIDIA NvDLISR;C:\WINDOWS\system32;C:\WINDOWS;C:\WINDOWS\System32\Wbem;C:\WINDOWS\System32\WindowsPowerShell\v1.0\;C:\WINDOWS\System32\OpenSSH\;D:\Program Files\CMake\bin;C:\Program Files\dotnet\;C:\Program Files\Microsoft SQL Server\150\Tools\Binn\;C:\Program Files\Microsoft SQL Server\Client SDK\ODBC\170\Tools\Binn\;C:\Program Files (x86)\Windows Kits\10\Windows Performance Toolkit\;C:\Program Files\Git\cmd;C:\Users\zhuliqun\AppData\Local\Programs\Python\Python311\Scripts\;C:\Users\zhuliqun\AppData\Local\Programs\Python\Python311\;D:\Qt\6.5.2\mingw_64\bin;D:\Qt\6.5.2\msvc2019_64\bin;D:\Qt\Tools\CMake_64\bin;D:\Qt\Tools\mingw1120_64\bin;C:\Users\zhuliqun\AppData\Local\Microsoft\WindowsApps;D:\Program Files\Microsoft VS Code\bin;C:\Users\zhuliqun\AppData\Roaming\npm\node_modules;D:\Qt\Tools\Ninja;;D:\Program Files\JetBrains\PyCharm Community Edition 2023.2.1\bin;;C:\Users\zhuliqun\.dotnet\tools
PATHEXT = .COM;.EXE;.BAT;.CMD;.VBS;.VBE;.JS;.JSE;.WSF;.WSH;.MSC
PkgDefApplicationConfigFile = C:\Users\zhuliqun\AppData\Local\Microsoft\VisualStudio\17.0_19b5a1db\devenv.exe.config
PROCESSOR_ARCHITECTURE = AMD64
PROCESSOR_IDENTIFIER = AMD64 Family 23 Model 96 Stepping 1, AuthenticAMD
PROCESSOR_LEVEL = 23
PROCESSOR_REVISION = 6001
ProgramData = C:\ProgramData
ProgramFiles = C:\Program Files
ProgramFiles(x86) = C:\Program Files (x86)
ProgramW6432 = C:\Program Files
PSModulePath = C:\Program Files (x86)\WindowsPowerShell\Modules;C:\WINDOWS\system32\WindowsPowerShell\v1.0\Modules
PUBLIC = C:\Users\Public
PyCharm Community Edition = D:\Program Files\JetBrains\PyCharm Community Edition 2023.2.1\bin;
QTDIR = D:\Qt\6.5.2\msvc2019_64
QtMsBuild = C:\Users\zhuliqun\AppData\Local\QtMsBuild
ServiceHubLogSessionKey = B96ADA87
SESSIONNAME = Console
SignInWithHomeTenantOnly = False
SystemDrive = C:
SystemRoot = C:\WINDOWS
TEMP = C:\Users\zhuliqun\AppData\Local\Temp
ThreadedWaitDialogDpiContext = -4
TMP = C:\Users\zhuliqun\AppData\Local\Temp
USERDOMAIN = NATHAN
USERDOMAIN_ROAMINGPROFILE = NATHAN
USERNAME = zhuliqun
USERPROFILE = C:\Users\zhuliqun
VisualStudioDir = C:\Users\zhuliqun\Documents\Visual Studio 2022
VisualStudioEdition = Microsoft Visual Studio Community 2022
VisualStudioVersion = 17.0
VSAPPIDDIR = D:\Program Files\Microsoft Visual Studio\2022\Community\Common7\IDE\
VSAPPIDNAME = devenv.exe
VSLANG = 2052
VSLS_SESSION_KEEPALIVE_INTERVAL = 0
VsPerMonitorDpiAwarenessEnabled.3316 = TRUE
VSSKUEDITION = Community
VS_Perf_Session_GCHeapCount = 2
windir = C:\WINDOWS

  L2.cpp
  L2.vcxproj -> C:\Users\zhuliqun\Desktop\C++\VC++\Liqun\x64\Debug\L2.exe

项目性能摘要:
      957 毫秒 C:\Users\zhuliqun\Desktop\C++\VC++\Liqun\L2\L2.vcxproj   1 次调用
                957 毫秒 Build                                      1 次调用

目标性能摘要:
        0 毫秒 _ResourceCompile                           1 次调用
        0 毫秒 _ALink                                     1 次调用
        0 毫秒 _Link                                      1 次调用
        0 毫秒 AfterLink                                  1 次调用
        0 毫秒 ComputeLinkSwitches                        1 次调用
        0 毫秒 PreLinkEvent                               1 次调用
        0 毫秒 DoLinkOutputFilesMatch                     1 次调用
        0 毫秒 PrepareResourceNames                       1 次调用
        0 毫秒 CreateCustomManifestResourceNames          1 次调用
        0 毫秒 SplitResourcesByCulture                    1 次调用
        0 毫秒 AssignTargetPaths                          1 次调用
        0 毫秒 ComputeManifestInputsTargets               1 次调用
        0 毫秒 _Manifest                                  1 次调用
        0 毫秒 ComputeLinkInputsFromProject               1 次调用
        0 毫秒 ComputeManifestGeneratedLinkerInputs       1 次调用
        0 毫秒 ComputeRCGeneratedLinkInputs               1 次调用
        0 毫秒 ComputeRCOutputs                           1 次调用
        0 毫秒 BeforeLink                                 1 次调用
        0 毫秒 ComputeLegacyManifestEmbedding             1 次调用
        0 毫秒 BuildLinkTraverse                          1 次调用
        0 毫秒 BuildCompile                               1 次调用
        0 毫秒 _BuildCompileAction                        1 次调用
        0 毫秒 AfterBuildCompileEvent                     1 次调用
        0 毫秒 AfterResourceCompile                       1 次调用
        0 毫秒 MakeDirsForResourceCompile                 1 次调用
        0 毫秒 ComputeCLOutputs                           1 次调用
        0 毫秒 BeforeResourceCompile                      1 次调用
        0 毫秒 RegisterOutput                             1 次调用
        0 毫秒 ComputeCLCompileGeneratedXDCFiles          1 次调用
        0 毫秒 AfterBuild                                 1 次调用
        0 毫秒 BuildLink                                  1 次调用
        0 毫秒 _BuildLinkAction                           1 次调用
        0 毫秒 PostBuildEvent                             1 次调用
        0 毫秒 PrepareForRun                              1 次调用
        0 毫秒 CopyFilesToOutputDirectory                 1 次调用
        0 毫秒 _CheckForCompileOutputs                    1 次调用
        0 毫秒 _CopySourceItemsToOutputDirectory          1 次调用
        0 毫秒 _GetCopyToOutputDirectoryItemsFromThisProject   1 次调用
        0 毫秒 _GetCopyToOutputDirectoryItemsFromTransitiveProjectReferences   1 次调用
        0 毫秒 GetCopyToOutputDirectoryXamlAppDefs        1 次调用
        0 毫秒 ResolvedXDCMake                            1 次调用
        0 毫秒 _PopulateCommonStateForGetCopyToOutputDirectoryItems   1 次调用
        0 毫秒 _Appverifier                               1 次调用
        0 毫秒 CreateSatelliteAssemblies                  1 次调用
        0 毫秒 _GenerateSatelliteAssemblyInputs           1 次调用
        0 毫秒 ContentFilesProjectOutputGroup             1 次调用
        0 毫秒 MakeDirsForFxc                             1 次调用
        0 毫秒 BuiltProjectOutputGroup                    1 次调用
        0 毫秒 _BscMake                                   1 次调用
        0 毫秒 MakeDirsForBscMake                         1 次调用
        0 毫秒 ComputeCLCompileGeneratedSbrFiles          1 次调用
        0 毫秒 _XdcMake                                   1 次调用
        0 毫秒 MakeDirsForXdcMake                         1 次调用
        0 毫秒 _Deploy                                    1 次调用
        0 毫秒 _ClCompile                                 1 次调用
        0 毫秒 Build                                      1 次调用
        0 毫秒 BuildGenerateSourcesTraverse               1 次调用
        0 毫秒 IgnoreJavaScriptOutputAssembly             1 次调用
        0 毫秒 PreBuildEvent                              1 次调用
        0 毫秒 BeforeBuildGenerateSources                 1 次调用
        0 毫秒 AfterClCompile                             1 次调用
        0 毫秒 ResolveReferences                          1 次调用
        0 毫秒 AfterResolveReferences                     1 次调用
        0 毫秒 ResolveAssemblyReferences                  1 次调用
        0 毫秒 ExpandSDKReferences                        1 次调用
        0 毫秒 ResolveSDKReferences                       1 次调用
        0 毫秒 ComputeCustomBuildOutput                   1 次调用
        0 毫秒 _PrepareForBuild                           1 次调用
        0 毫秒 GetResolvedWinMD                           1 次调用
        0 毫秒 SetBuildDefaultEnvironmentVariables        1 次调用
        0 毫秒 AddExternalIncludDirectoriesToPaths        1 次调用
        0 毫秒 _PrepareForReferenceResolution             1 次调用
        0 毫秒 GetFrameworkPaths                          1 次调用
        0 毫秒 ResolveProjectReferences                   1 次调用
        0 毫秒 PrepareProjectReferences                   1 次调用
        0 毫秒 _AddOutputPathToGlobalPropertiesToRemove   1 次调用
        0 毫秒 _SplitProjectReferencesByFileExistence     1 次调用
        0 毫秒 SetCABuildNativeEnvironmentVariables       1 次调用
        0 毫秒 _Xsd                                       1 次调用
        0 毫秒 SelectCustomBuild                          1 次调用
        0 毫秒 BeforeClCompile                            1 次调用
        0 毫秒 SelectClCompile                            1 次调用
        0 毫秒 MakeDirsForCl                              1 次调用
        0 毫秒 ComputeStdModulesCompileInputs             1 次调用
        0 毫秒 WarnCompileDuplicatedFilename              1 次调用
        0 毫秒 ComputeReferenceCLInput                    1 次调用
        0 毫秒 GetReferencedVCProjectsInfo                1 次调用
        0 毫秒 FindReferenceAssembliesForReferences       1 次调用
        0 毫秒 ComputeCLInputPDBName                      1 次调用
        0 毫秒 BuildCompileTraverse                       1 次调用
        0 毫秒 BuildGenerateSources                       1 次调用
        0 毫秒 _BuildGenerateSourcesAction                1 次调用
        0 毫秒 BeforeResolveReferences                    1 次调用
        0 毫秒 AfterBuildGenerateSourcesEvent             1 次调用
        0 毫秒 MakeDirsForMidl                            1 次调用
        0 毫秒 AfterMidl                                  1 次调用
        0 毫秒 _Midl                                      1 次调用
        0 毫秒 ComputeMIDLGeneratedCompileInputs          1 次调用
        0 毫秒 AfterBuildGenerateSources                  1 次调用
        1 毫秒 ComputeCLGeneratedLinkInputs               1 次调用
        1 毫秒 CreateRecipeFile                           1 次调用
        1 毫秒 _CheckWindowsSDKInstalled                  1 次调用
        1 毫秒 MakeDirsForLink                            1 次调用
        1 毫秒 FixupCLCompileOptions                      1 次调用
        1 毫秒 _CleanGetCurrentAndPriorFileWrites         1 次调用
        1 毫秒 _GetProjectReferenceTargetFrameworkProperties   1 次调用
        1 毫秒 SetTelemetryEnvironmentVariables           1 次调用
        1 毫秒 AssignProjectConfiguration                 1 次调用
        1 毫秒 CopyFileToFolders                          1 次调用
        1 毫秒 IncrementalClean                           1 次调用
        1 毫秒 TlogCleanup                                1 次调用
        1 毫秒 FinalizeBuildStatus                        1 次调用
        1 毫秒 CustomBuild                                1 次调用
        1 毫秒 GetCopyToOutputDirectoryItems              1 次调用
        1 毫秒 _CheckForInvalidConfigurationAndPlatform   1 次调用
        1 毫秒 _SelectedFiles                             1 次调用
        1 毫秒 GetReferenceAssemblyPaths                  1 次调用
        1 毫秒 SatelliteDllsProjectOutputGroup            1 次调用
        3 毫秒 InitializeBuildStatus                      1 次调用
        4 毫秒 PrepareForBuild                            1 次调用
      353 毫秒 Link                                       1 次调用
      577 毫秒 ClCompile                                  1 次调用

任务性能摘要:
        0 毫秒 Message                                    3 次调用
        0 毫秒 SetEnv                                    11 次调用
        0 毫秒 MSBuild                                    1 次调用
        0 毫秒 SetRidAgnosticValueForProjects             1 次调用
        0 毫秒 RemoveDuplicates                           2 次调用
        0 毫秒 CheckVCToolsetVersion                      1 次调用
        0 毫秒 VCMessage                                  1 次调用
        0 毫秒 FindUnderPath                              5 次调用
        0 毫秒 Delete                                     2 次调用
        0 毫秒 ConvertToAbsolutePath                      1 次调用
        0 毫秒 AssignTargetPath                           7 次调用
        0 毫秒 AssignCulture                              1 次调用
        1 毫秒 GenerateDesktopDeployRecipe                1 次调用
        1 毫秒 WriteLinesToFile                           1 次调用
        1 毫秒 ReadLinesFromFile                          2 次调用
        1 毫秒 AssignProjectConfiguration                 1 次调用
        1 毫秒 CleanupStaleTlogItems                      1 次调用
        1 毫秒 CallTarget                                 2 次调用
        2 毫秒 GetOutOfDateItems                          3 次调用
        2 毫秒 Touch                                      2 次调用
        2 毫秒 MakeDir                                   10 次调用
      351 毫秒 Link                                       1 次调用
      574 毫秒 CL                                         1 次调用
